<?xml version="1.0" encoding="UTF-8"?>
<testsuite name="org.ekwateur.services.client.EnergyClientConsumptionServiceTest" tests="1" skipped="0" failures="0" errors="0" timestamp="2024-03-14T19:50:35" hostname="DESKTOP-BMR0B1G" time="0.824">
  <properties/>
  <testcase name="shouldGetCorrectCostForClient()" classname="org.ekwateur.services.client.EnergyClientConsumptionServiceTest" time="0.824"/>
  <system-out><![CDATA[]]></system-out>
  <system-err><![CDATA[]]></system-err>
</testsuite>
