<?xml version="1.0" encoding="UTF-8"?>
<testsuite name="org.ekwateur.services.client.EnergyPricingServiceTest" tests="3" skipped="0" failures="0" errors="0" timestamp="2024-03-14T19:50:35" hostname="DESKTOP-BMR0B1G" time="0.023">
  <properties/>
  <testcase name="shouldGetCorrectPricesForCommonClient()" classname="org.ekwateur.services.client.EnergyPricingServiceTest" time="0.02"/>
  <testcase name="shouldGetCorrectPricesForProClientOverThreshold()" classname="org.ekwateur.services.client.EnergyPricingServiceTest" time="0.0"/>
  <testcase name="shouldGetCorrectPricesForProClientUnderThreshold()" classname="org.ekwateur.services.client.EnergyPricingServiceTest" time="0.001"/>
  <system-out><![CDATA[]]></system-out>
  <system-err><![CDATA[]]></system-err>
</testsuite>
