<?xml version="1.0" encoding="UTF-8"?>
<testsuite name="org.ekwateur.classes.client.EkwateurClientTest" tests="2" skipped="0" failures="0" errors="0" timestamp="2024-03-14T19:50:35" hostname="DESKTOP-BMR0B1G" time="0.004">
  <properties/>
  <testcase name="shouldThrowExceptionBecauseReferenceClientNotMatchingDefinedPattern()" classname="org.ekwateur.classes.client.EkwateurClientTest" time="0.002"/>
  <testcase name="shouldNotThrowExceptionBecauseReferenceClientMatchingDefinedPattern()" classname="org.ekwateur.classes.client.EkwateurClientTest" time="0.002"/>
  <system-out><![CDATA[]]></system-out>
  <system-err><![CDATA[]]></system-err>
</testsuite>
